<html>
<body>
<pre>
<h1>Vision Build Log</h1>
<h2>Project:</h2>
E:\智能小车\智能小车程序\pwm调速\pwm调速.uvproj
Project File Date:  05/12/2015

<h2>Output:</h2>
Build target 'Target 1'
compiling main.c...
compiling key.c...
key.c(2): warning C318: can't open file 'delay.h'
KEY.C(12): warning C206: 'Delay': missing function-prototype
KEY.C(12): error C267: 'Delay': requires ANSI-style prototype
Target not created
Build target 'Target 1'
compiling main.c...
compiling key.c...
key.c(2): warning C318: can't open file 'delay.h'
KEY.C(12): warning C206: 'Delay': missing function-prototype
KEY.C(12): error C267: 'Delay': requires ANSI-style prototype
Target not created
Build target 'Target 1'
compiling main.c...
compiling key.c...
key.c(2): warning C318: can't open file 'delay.h'
KEY.C(12): warning C206: 'Delay': missing function-prototype
KEY.C(12): error C267: 'Delay': requires ANSI-style prototype
Target not created
Build target 'Target 1'
compiling main.c...
compiling key.c...
KEY.C(7): warning C206: 'Delay': missing function-prototype
KEY.C(7): error C267: 'Delay': requires ANSI-style prototype
KEY.C(11): error C202: 'count0': undefined identifier
KEY.C(12): error C202: 'count0': undefined identifier
KEY.C(14): error C202: 'count0': undefined identifier
KEY.C(28): error C202: 'count0': undefined identifier
KEY.C(29): error C202: 'count0': undefined identifier
KEY.C(31): error C202: 'count0': undefined identifier
Target not created
Build target 'Target 1'
compiling main.c...
MAIN.C(35): error C202: 'x': undefined identifier
MAIN.C(48): error C202: 'y': undefined identifier
compiling key.c...
KEY.C(11): warning C206: 'Delay': missing function-prototype
KEY.C(11): error C267: 'Delay': requires ANSI-style prototype
Target not created
Build target 'Target 1'
compiling main.c...
MAIN.C(35): error C202: 'x': undefined identifier
MAIN.C(48): error C202: 'y': undefined identifier
compiling key.c...
KEY.C(11): warning C206: 'Delay': missing function-prototype
KEY.C(11): error C267: 'Delay': requires ANSI-style prototype
Target not created
Build target 'Target 1'
compiling main.c...
MAIN.C(35): error C202: 'x': undefined identifier
MAIN.C(48): error C202: 'y': undefined identifier
compiling key.c...
KEY.C(11): warning C206: 'Delay': missing function-prototype
KEY.C(11): error C267: 'Delay': requires ANSI-style prototype
Target not created
Build target 'Target 1'
compiling main.c...
MAIN.C(35): error C202: 'x': undefined identifier
MAIN.C(48): error C202: 'y': undefined identifier
compiling key.c...
KEY.C(11): warning C206: 'Delay': missing function-prototype
KEY.C(11): error C267: 'Delay': requires ANSI-style prototype
compiling delay.c...
Target not created
Build target 'Target 1'
compiling main.c...
MAIN.C(35): error C202: 'x': undefined identifier
MAIN.C(48): error C202: 'y': undefined identifier
compiling key.c...
KEY.C(11): warning C206: 'Delay': missing function-prototype
KEY.C(11): error C267: 'Delay': requires ANSI-style prototype
compiling delay.c...
Target not created
Build target 'Target 1'
compiling main.c...
MAIN.C(35): error C202: 'x': undefined identifier
MAIN.C(48): error C202: 'y': undefined identifier
compiling key.c...
KEY.C(11): warning C206: 'Delay': missing function-prototype
KEY.C(11): error C267: 'Delay': requires ANSI-style prototype
compiling delay.c...
Target not created
Build target 'Target 1'
compiling main.c...
MAIN.C(35): error C202: 'x': undefined identifier
MAIN.C(48): error C202: 'y': undefined identifier
compiling key.c...
KEY.C(11): warning C206: 'Delay': missing function-prototype
KEY.C(11): error C267: 'Delay': requires ANSI-style prototype
compiling delay.c...
Target not created
Build target 'Target 1'
compiling main.c...
MAIN.C(35): error C202: 'x': undefined identifier
MAIN.C(48): error C202: 'y': undefined identifier
compiling key.c...
compiling delay.c...
Target not created
Build target 'Target 1'
compiling main.c...
MAIN.C(35): error C202: 'x': undefined identifier
MAIN.C(48): error C202: 'y': undefined identifier
compiling key.c...
compiling delay.c...
Target not created
Build target 'Target 1'
compiling main.c...
MAIN.C(35): error C202: 'x': undefined identifier
MAIN.C(48): error C202: 'y': undefined identifier
compiling key.c...
compiling delay.c...
Target not created
Build target 'Target 1'
compiling main.c...
MAIN.C(35): error C202: 'x': undefined identifier
MAIN.C(48): error C202: 'y': undefined identifier
compiling key.c...
compiling delay.c...
Target not created
Build target 'Target 1'
compiling main.c...
MAIN.C(35): error C202: 'x': undefined identifier
MAIN.C(48): error C202: 'y': undefined identifier
compiling key.c...
KEY.C(15): error C202: 'Key_add': undefined identifier
KEY.C(35): error C202: 'Key_dec': undefined identifier
KEY.C(53): error C202: 'Key_add': undefined identifier
KEY.C(73): error C202: 'Key_dec': undefined identifier
compiling delay.c...
Target not created
Build target 'Target 1'
compiling main.c...
MAIN.C(35): error C202: 'x': undefined identifier
MAIN.C(48): error C202: 'y': undefined identifier
compiling key.c...
compiling delay.c...
Target not created
Build target 'Target 1'
compiling main.c...
MAIN.C(35): error C202: 'x': undefined identifier
MAIN.C(48): error C202: 'y': undefined identifier
compiling key.c...
compiling delay.c...
Target not created
Build target 'Target 1'
compiling main.c...
MAIN.C(35): error C202: 'x': undefined identifier
MAIN.C(48): error C202: 'y': undefined identifier
compiling key.c...
compiling delay.c...
Target not created
Build target 'Target 1'
compiling main.c...
MAIN.C(35): error C202: 'x': undefined identifier
MAIN.C(48): error C202: 'y': undefined identifier
compiling key.c...
KEY.C(4): error C279: 'x': multiple initialization
KEY.C(5): error C279: 'y': multiple initialization
compiling delay.c...
Target not created
Build target 'Target 1'
compiling main.c...
MAIN.C(35): error C202: 'x': undefined identifier
MAIN.C(48): error C202: 'y': undefined identifier
compiling key.c...
compiling delay.c...
Target not created
Build target 'Target 1'
compiling main.c...
MAIN.C(35): error C202: 'x': undefined identifier
MAIN.C(48): error C202: 'y': undefined identifier
compiling key.c...
compiling delay.c...
Target not created
Build target 'Target 1'
compiling main.c...
MAIN.C(35): error C202: 'x': undefined identifier
MAIN.C(48): error C202: 'y': undefined identifier
compiling key.c...
compiling delay.c...
Target not created
Build target 'Target 1'
compiling main.c...
MAIN.C(35): error C202: 'x': undefined identifier
MAIN.C(48): error C202: 'y': undefined identifier
compiling key.c...
compiling delay.c...
Target not created
Build target 'Target 1'
compiling main.c...
MAIN.C(35): error C202: 'x': undefined identifier
MAIN.C(48): error C202: 'y': undefined identifier
compiling key.c...
compiling delay.c...
Target not created
Build target 'Target 1'
compiling main.c...
MAIN.C(35): error C202: 'x': undefined identifier
MAIN.C(48): error C202: 'y': undefined identifier
compiling key.c...
compiling delay.c...
Target not created
Build target 'Target 1'
compiling main.c...
MAIN.C(35): error C202: 'x': undefined identifier
MAIN.C(48): error C202: 'y': undefined identifier
compiling key.c...
compiling delay.c...
Target not created
Build target 'Target 1'
compiling main.c...
compiling key.c...
compiling delay.c...
linking...
*** WARNING L16: UNCALLED SEGMENT, IGNORED FOR OVERLAY PROCESS
    SEGMENT: ?PR?ZUO_SPEED_HIGH?KEY
*** WARNING L16: UNCALLED SEGMENT, IGNORED FOR OVERLAY PROCESS
    SEGMENT: ?PR?ZUO_SPEED_LOW?KEY
*** WARNING L16: UNCALLED SEGMENT, IGNORED FOR OVERLAY PROCESS
    SEGMENT: ?PR?YOU_SPEED_HIGH?KEY
*** WARNING L16: UNCALLED SEGMENT, IGNORED FOR OVERLAY PROCESS
    SEGMENT: ?PR?YOU_SPEED_LOW?KEY
Program Size: data=17.0 xdata=0 code=482
creating hex file from ".\output\pwm调速"...
".\output\pwm调速" - 0 Error(s), 4 Warning(s).
Build target 'Target 1'
compiling main.c...
compiling key.c...
compiling delay.c...
linking...
*** WARNING L16: UNCALLED SEGMENT, IGNORED FOR OVERLAY PROCESS
    SEGMENT: ?PR?ZUO_SPEED_HIGH?KEY
*** WARNING L16: UNCALLED SEGMENT, IGNORED FOR OVERLAY PROCESS
    SEGMENT: ?PR?ZUO_SPEED_LOW?KEY
*** WARNING L16: UNCALLED SEGMENT, IGNORED FOR OVERLAY PROCESS
    SEGMENT: ?PR?YOU_SPEED_HIGH?KEY
*** WARNING L16: UNCALLED SEGMENT, IGNORED FOR OVERLAY PROCESS
    SEGMENT: ?PR?YOU_SPEED_LOW?KEY
Program Size: data=17.0 xdata=0 code=482
creating hex file from ".\output\pwm调速"...
".\output\pwm调速" - 0 Error(s), 4 Warning(s).
Build target 'Target 1'
compiling main.c...
compiling key.c...
compiling delay.c...
linking...
*** WARNING L16: UNCALLED SEGMENT, IGNORED FOR OVERLAY PROCESS
    SEGMENT: ?PR?ZUO_SPEED_HIGH?KEY
*** WARNING L16: UNCALLED SEGMENT, IGNORED FOR OVERLAY PROCESS
    SEGMENT: ?PR?ZUO_SPEED_LOW?KEY
*** WARNING L16: UNCALLED SEGMENT, IGNORED FOR OVERLAY PROCESS
    SEGMENT: ?PR?YOU_SPEED_HIGH?KEY
*** WARNING L16: UNCALLED SEGMENT, IGNORED FOR OVERLAY PROCESS
    SEGMENT: ?PR?YOU_SPEED_LOW?KEY
Program Size: data=17.0 xdata=0 code=482
creating hex file from ".\output\pwm调速"...
".\output\pwm调速" - 0 Error(s), 4 Warning(s).
Build target 'Target 1'
compiling main.c...
compiling key.c...
compiling delay.c...
linking...
*** WARNING L16: UNCALLED SEGMENT, IGNORED FOR OVERLAY PROCESS
    SEGMENT: ?PR?ZUO_SPEED_HIGH?KEY
*** WARNING L16: UNCALLED SEGMENT, IGNORED FOR OVERLAY PROCESS
    SEGMENT: ?PR?ZUO_SPEED_LOW?KEY
*** WARNING L16: UNCALLED SEGMENT, IGNORED FOR OVERLAY PROCESS
    SEGMENT: ?PR?YOU_SPEED_HIGH?KEY
*** WARNING L16: UNCALLED SEGMENT, IGNORED FOR OVERLAY PROCESS
    SEGMENT: ?PR?YOU_SPEED_LOW?KEY
Program Size: data=17.0 xdata=0 code=482
creating hex file from ".\output\pwm调速"...
".\output\pwm调速" - 0 Error(s), 4 Warning(s).
Build target 'Target 1'
compiling main.c...
compiling key.c...
compiling delay.c...
linking...
Program Size: data=17.0 xdata=0 code=494
creating hex file from ".\output\pwm调速"...
".\output\pwm调速" - 0 Error(s), 0 Warning(s).
Build target 'Target 1'
compiling main.c...
compiling key.c...
compiling delay.c...
linking...
Program Size: data=17.0 xdata=0 code=494
creating hex file from ".\output\pwm调速"...
".\output\pwm调速" - 0 Error(s), 0 Warning(s).
Build target 'Target 1'
compiling main.c...
compiling key.c...
compiling delay.c...
linking...
Program Size: data=17.0 xdata=0 code=494
creating hex file from ".\output\pwm调速"...
".\output\pwm调速" - 0 Error(s), 0 Warning(s).
Build target 'Target 1'
compiling main.c...
compiling key.c...
compiling delay.c...
linking...
Program Size: data=17.0 xdata=0 code=494
creating hex file from ".\output\pwm调速"...
".\output\pwm调速" - 0 Error(s), 0 Warning(s).
Build target 'Target 1'
compiling main.c...
compiling key.c...
compiling delay.c...
linking...
Program Size: data=17.0 xdata=0 code=494
creating hex file from ".\output\pwm调速"...
".\output\pwm调速" - 0 Error(s), 0 Warning(s).
Build target 'Target 1'
compiling main.c...
compiling key.c...
compiling delay.c...
linking...
Program Size: data=17.0 xdata=0 code=494
creating hex file from ".\output\pwm调速"...
".\output\pwm调速" - 0 Error(s), 0 Warning(s).
Build target 'Target 1'
compiling main.c...
compiling key.c...
compiling delay.c...
linking...
Program Size: data=17.0 xdata=0 code=494
creating hex file from ".\output\pwm调速"...
".\output\pwm调速" - 0 Error(s), 0 Warning(s).
Build target 'Target 1'
compiling main.c...
compiling key.c...
compiling delay.c...
linking...
Program Size: data=17.0 xdata=0 code=494
creating hex file from ".\output\pwm调速"...
".\output\pwm调速" - 0 Error(s), 0 Warning(s).
Build target 'Target 1'
compiling main.c...
compiling key.c...
compiling delay.c...
linking...
Program Size: data=17.0 xdata=0 code=494
creating hex file from ".\output\pwm调速"...
".\output\pwm调速" - 0 Error(s), 0 Warning(s).
Build target 'Target 1'
compiling main.c...
compiling key.c...
compiling delay.c...
linking...
Program Size: data=17.0 xdata=0 code=494
creating hex file from ".\output\pwm调速"...
".\output\pwm调速" - 0 Error(s), 0 Warning(s).
Build target 'Target 1'
compiling main.c...
compiling key.c...
compiling delay.c...
linking...
Program Size: data=17.0 xdata=0 code=494
creating hex file from ".\output\pwm调速"...
".\output\pwm调速" - 0 Error(s), 0 Warning(s).
Build target 'Target 1'
compiling main.c...
compiling key.c...
compiling delay.c...
linking...
Program Size: data=17.0 xdata=0 code=494
creating hex file from ".\output\pwm调速"...
".\output\pwm调速" - 0 Error(s), 0 Warning(s).
Build target 'Target 1'
compiling main.c...
compiling key.c...
compiling delay.c...
linking...
Program Size: data=17.0 xdata=0 code=494
creating hex file from ".\output\pwm调速"...
".\output\pwm调速" - 0 Error(s), 0 Warning(s).
Build target 'Target 1'
compiling main.c...
compiling key.c...
compiling delay.c...
linking...
Program Size: data=17.0 xdata=0 code=494
creating hex file from ".\output\pwm调速"...
".\output\pwm调速" - 0 Error(s), 0 Warning(s).
