<html>
<body>
<pre>
<h1>Vision Build Log</h1>
<h2>Project:</h2>
E:\24l01无线模块接收\24l01无线模块接收.uvproj
Project File Date:  04/13/2015

<h2>Output:</h2>
Build target 'Target 1'
compiling main.c...
main.c(3): error C300: unterminated comment
compiling delay.c...
DELAY.C(3): error C141: syntax error near 'x', expected ')'
DELAY.C(5): error C141: syntax error near 'i'
DELAY.C(5): error C202: 'i': undefined identifier
DELAY.C(6): error C202: 'j': undefined identifier
DELAY.C(7): error C202: 'i': undefined identifier
DELAY.C(10): error C141: syntax error near 'x', expected ')'
DELAY.C(12): error C141: syntax error near 'i'
DELAY.C(12): error C202: 'i': undefined identifier
DELAY.C(13): error C202: 'j': undefined identifier
DELAY.C(14): error C202: 'i': undefined identifier
compiling NRF24L01_RX.c...
NRF24L01_RX.c(1): error C300: unterminated comment
Target not created
Build target 'Target 1'
compiling main.c...
main.c(3): error C300: unterminated comment
compiling delay.c...
DELAY.C(3): error C141: syntax error near 'x', expected ')'
DELAY.C(5): error C141: syntax error near 'i'
DELAY.C(5): error C202: 'i': undefined identifier
DELAY.C(6): error C202: 'j': undefined identifier
DELAY.C(7): error C202: 'i': undefined identifier
DELAY.C(10): error C141: syntax error near 'x', expected ')'
DELAY.C(12): error C141: syntax error near 'i'
DELAY.C(12): error C202: 'i': undefined identifier
DELAY.C(13): error C202: 'j': undefined identifier
DELAY.C(14): error C202: 'i': undefined identifier
compiling NRF24L01_RX.c...
NRF24L01_RX.c(1): error C300: unterminated comment
Target not created
Build target 'Target 1'
compiling main.c...
main.c(3): error C300: unterminated comment
compiling delay.c...
DELAY.C(3): error C141: syntax error near 'x', expected ')'
DELAY.C(5): error C141: syntax error near 'i'
DELAY.C(5): error C202: 'i': undefined identifier
DELAY.C(6): error C202: 'j': undefined identifier
DELAY.C(7): error C202: 'i': undefined identifier
DELAY.C(10): error C141: syntax error near 'x', expected ')'
DELAY.C(12): error C141: syntax error near 'i'
DELAY.C(12): error C202: 'i': undefined identifier
DELAY.C(13): error C202: 'j': undefined identifier
DELAY.C(14): error C202: 'i': undefined identifier
compiling NRF24L01_RX.c...
NRF24L01_RX.c(1): error C300: unterminated comment
Target not created
